 Abaqus/Standard 6.11-1                  DATE 20-Aug-2012 TIME 12:22:53
 SUMMARY OF JOB INFORMATION:
 STEP  INC ATT SEVERE EQUIL TOTAL  TOTAL      STEP       INC OF       DOF    IF
               DISCON ITERS ITERS  TIME/    TIME/LPF    TIME/LPF    MONITOR RIKS
               ITERS               FREQ
   1     1   1     0     1     1  0.00100    0.00100    0.001000  
   1     2   1     0     1     1  0.00200    0.00200    0.001000  
   1     3   1     0     1     1  0.00300    0.00300    0.001000  
   1     4   1     0     1     1  0.00400    0.00400    0.001000  
   1     5   1     0     1     1  0.00500    0.00500    0.001000  
   1     6   1     0     1     1  0.00600    0.00600    0.001000  
   1     7   1     0     1     1  0.00700    0.00700    0.001000  
   1     8   1     0     1     1  0.00800    0.00800    0.001000  
   1     9   1     0     1     1  0.00900    0.00900    0.001000  
   1    10   1     0     1     1  0.0100     0.0100     0.001000  
   1    11   1     0     1     1  0.0110     0.0110     0.001000  
   1    12   1     0     1     1  0.0120     0.0120     0.001000  
   1    13   1     0     1     1  0.0130     0.0130     0.001000  
   1    14   1     0     1     1  0.0140     0.0140     0.001000  
   1    15   1     0     1     1  0.0150     0.0150     0.001000  
   1    16   1     0     1     1  0.0160     0.0160     0.001000  
   1    17   1     0     1     1  0.0170     0.0170     0.001000  
   1    18   1     0     1     1  0.0180     0.0180     0.001000  
   1    19   1     0     1     1  0.0190     0.0190     0.001000  
   1    20   1     0     1     1  0.0200     0.0200     0.001000  
   1    21   1     0     1     1  0.0210     0.0210     0.001000  
   1    22   1     0     1     1  0.0220     0.0220     0.001000  
   1    23   1     0     1     1  0.0230     0.0230     0.001000  
   1    24   1     0     1     1  0.0240     0.0240     0.001000  
   1    25   1     0     1     1  0.0250     0.0250     0.001000  
   1    26   1     0     1     1  0.0260     0.0260     0.001000  
   1    27   1     0     1     1  0.0270     0.0270     0.001000  
   1    28   1     0     1     1  0.0280     0.0280     0.001000  
   1    29   1     0     1     1  0.0290     0.0290     0.001000  
   1    30   1     0     1     1  0.0300     0.0300     0.001000  
   1    31   1     0     1     1  0.0310     0.0310     0.001000  
   1    32   1     0     1     1  0.0320     0.0320     0.001000  
   1    33   1     0     1     1  0.0330     0.0330     0.001000  
   1    34   1     0     1     1  0.0340     0.0340     0.001000  
   1    35   1     0     1     1  0.0350     0.0350     0.001000  
   1    36   1     0     1     1  0.0360     0.0360     0.001000  
   1    37   1     0     1     1  0.0370     0.0370     0.001000  
   1    38   1     0     1     1  0.0380     0.0380     0.001000  
   1    39   1     0     1     1  0.0390     0.0390     0.001000  
   1    40   1     0     1     1  0.0400     0.0400     0.001000  
   1    41   1     0     1     1  0.0410     0.0410     0.001000  
   1    42   1     0     1     1  0.0420     0.0420     0.001000  
   1    43   1     0     1     1  0.0430     0.0430     0.001000  
   1    44   1     0     1     1  0.0440     0.0440     0.001000  
   1    45   1     0     1     1  0.0450     0.0450     0.001000  
   1    46   1     0     1     1  0.0460     0.0460     0.001000  
   1    47   1     0     1     1  0.0470     0.0470     0.001000  
   1    48   1     0     1     1  0.0480     0.0480     0.001000  
   1    49   1     0     1     1  0.0490     0.0490     0.001000  
   1    50   1     0     1     1  0.0500     0.0500     0.001000  
   1    51   1     0     1     1  0.0510     0.0510     0.001000  
   1    52   1     0     1     1  0.0520     0.0520     0.001000  
   1    53   1     0     1     1  0.0530     0.0530     0.001000  
   1    54   1     0     1     1  0.0540     0.0540     0.001000  
   1    55   1     0     1     1  0.0550     0.0550     0.001000  
   1    56   1     0     1     1  0.0560     0.0560     0.001000  
   1    57   1     0     1     1  0.0570     0.0570     0.001000  
   1    58   1     0     1     1  0.0580     0.0580     0.001000  
   1    59   1     0     1     1  0.0590     0.0590     0.001000  
   1    60   1     0     1     1  0.0600     0.0600     0.001000  
   1    61   1     0     1     1  0.0610     0.0610     0.001000  
   1    62   1     0     1     1  0.0620     0.0620     0.001000  
   1    63   1     0     1     1  0.0630     0.0630     0.001000  
   1    64   1     0     1     1  0.0640     0.0640     0.001000  
   1    65   1     0     1     1  0.0650     0.0650     0.001000  
   1    66   1     0     1     1  0.0660     0.0660     0.001000  
   1    67   1     0     1     1  0.0670     0.0670     0.001000  
   1    68   1     0     1     1  0.0680     0.0680     0.001000  
   1    69   1     0     1     1  0.0690     0.0690     0.001000  
   1    70   1     0     1     1  0.0700     0.0700     0.001000  
   1    71   1     0     1     1  0.0710     0.0710     0.001000  
   1    72   1     0     1     1  0.0720     0.0720     0.001000  
   1    73   1     0     1     1  0.0730     0.0730     0.001000  
   1    74   1     0     1     1  0.0740     0.0740     0.001000  
   1    75   1     0     1     1  0.0750     0.0750     0.001000  
   1    76   1     0     1     1  0.0760     0.0760     0.001000  
   1    77   1     0     1     1  0.0770     0.0770     0.001000  
   1    78   1     0     1     1  0.0780     0.0780     0.001000  
   1    79   1     0     1     1  0.0790     0.0790     0.001000  
   1    80   1     0     1     1  0.0800     0.0800     0.001000  
   1    81   1     0     1     1  0.0810     0.0810     0.001000  
   1    82   1     0     1     1  0.0820     0.0820     0.001000  
   1    83   1     0     1     1  0.0830     0.0830     0.001000  
   1    84   1     0     1     1  0.0840     0.0840     0.001000  
   1    85   1     0     1     1  0.0850     0.0850     0.001000  
   1    86   1     0     1     1  0.0860     0.0860     0.001000  
   1    87   1     0     1     1  0.0870     0.0870     0.001000  
   1    88   1     0     1     1  0.0880     0.0880     0.001000  
   1    89   1     0     1     1  0.0890     0.0890     0.001000  
   1    90   1     0     1     1  0.0900     0.0900     0.001000  
   1    91   1     0     1     1  0.0910     0.0910     0.001000  
   1    92   1     0     1     1  0.0920     0.0920     0.001000  
   1    93   1     0     1     1  0.0930     0.0930     0.001000  
   1    94   1     0     1     1  0.0940     0.0940     0.001000  
   1    95   1     0     1     1  0.0950     0.0950     0.001000  
   1    96   1     0     1     1  0.0960     0.0960     0.001000  
   1    97   1     0     1     1  0.0970     0.0970     0.001000  
   1    98   1     0     1     1  0.0980     0.0980     0.001000  
   1    99   1     0     1     1  0.0990     0.0990     0.001000  
   1   100   1     0     1     1  0.100      0.100      0.001000  
   1   101   1     0     1     1  0.101      0.101      0.001000  
   1   102   1     0     1     1  0.102      0.102      0.001000  
   1   103   1     0     1     1  0.103      0.103      0.001000  
   1   104   1     0     1     1  0.104      0.104      0.001000  
   1   105   1     0     1     1  0.105      0.105      0.001000  
   1   106   1     0     1     1  0.106      0.106      0.001000  
   1   107   1     0     1     1  0.107      0.107      0.001000  
   1   108   1     0     1     1  0.108      0.108      0.001000  
   1   109   1     0     1     1  0.109      0.109      0.001000  
   1   110   1     0     1     1  0.110      0.110      0.001000  
   1   111   1     0     1     1  0.111      0.111      0.001000  
   1   112   1     0     1     1  0.112      0.112      0.001000  
   1   113   1     0     1     1  0.113      0.113      0.001000  
   1   114   1     0     1     1  0.114      0.114      0.001000  
   1   115   1     0     1     1  0.115      0.115      0.001000  
   1   116   1     0     1     1  0.116      0.116      0.001000  
   1   117   1     0     1     1  0.117      0.117      0.001000  
   1   118   1     0     1     1  0.118      0.118      0.001000  
   1   119   1     0     1     1  0.119      0.119      0.001000  
   1   120   1     0     1     1  0.120      0.120      0.001000  
   1   121   1     0     1     1  0.121      0.121      0.001000  
   1   122   1     0     1     1  0.122      0.122      0.001000  
   1   123   1     0     1     1  0.123      0.123      0.001000  
   1   124   1     0     1     1  0.124      0.124      0.001000  
   1   125   1     0     1     1  0.125      0.125      0.001000  
   1   126   1     0     1     1  0.126      0.126      0.001000  
   1   127   1     0     1     1  0.127      0.127      0.001000  
   1   128   1     0     1     1  0.128      0.128      0.001000  
   1   129   1     0     1     1  0.129      0.129      0.001000  
   1   130   1     0     1     1  0.130      0.130      0.001000  
   1   131   1     0     1     1  0.131      0.131      0.001000  
   1   132   1     0     1     1  0.132      0.132      0.001000  
   1   133   1     0     1     1  0.133      0.133      0.001000  
   1   134   1     0     1     1  0.134      0.134      0.001000  
   1   135   1     0     1     1  0.135      0.135      0.001000  
   1   136   1     0     1     1  0.136      0.136      0.001000  
   1   137   1     0     1     1  0.137      0.137      0.001000  
   1   138   1     0     1     1  0.138      0.138      0.001000  
   1   139   1     0     1     1  0.139      0.139      0.001000  
   1   140   1     0     1     1  0.140      0.140      0.001000  
   1   141   1     0     1     1  0.141      0.141      0.001000  
   1   142   1     0     1     1  0.142      0.142      0.001000  
   1   143   1     0     1     1  0.143      0.143      0.001000  
   1   144   1     0     1     1  0.144      0.144      0.001000  
   1   145   1     0     1     1  0.145      0.145      0.001000  
   1   146   1     0     1     1  0.146      0.146      0.001000  
   1   147   1     0     1     1  0.147      0.147      0.001000  
   1   148   1     0     1     1  0.148      0.148      0.001000  
   1   149   1     0     1     1  0.149      0.149      0.001000  
   1   150   1     0     1     1  0.150      0.150      0.001000  
   1   151   1     0     1     1  0.151      0.151      0.001000  
   1   152   1     0     1     1  0.152      0.152      0.001000  
   1   153   1     0     1     1  0.153      0.153      0.001000  
   1   154   1     0     1     1  0.154      0.154      0.001000  
   1   155   1     0     1     1  0.155      0.155      0.001000  
   1   156   1     0     1     1  0.156      0.156      0.001000  
   1   157   1     0     1     1  0.157      0.157      0.001000  
   1   158   1     0     1     1  0.158      0.158      0.001000  
   1   159   1     0     1     1  0.159      0.159      0.001000  
   1   160   1     0     1     1  0.160      0.160      0.001000  
   1   161   1     0     1     1  0.161      0.161      0.001000  
   1   162   1     0     1     1  0.162      0.162      0.001000  
   1   163   1     0     1     1  0.163      0.163      0.001000  
   1   164   1     0     1     1  0.164      0.164      0.001000  
   1   165   1     0     1     1  0.165      0.165      0.001000  
   1   166   1     0     1     1  0.166      0.166      0.001000  
   1   167   1     0     1     1  0.167      0.167      0.001000  
   1   168   1     0     1     1  0.168      0.168      0.001000  
   1   169   1     0     1     1  0.169      0.169      0.001000  
   1   170   1     0     1     1  0.170      0.170      0.001000  
   1   171   1     0     1     1  0.171      0.171      0.001000  
   1   172   1     0     1     1  0.172      0.172      0.001000  
   1   173   1     0     1     1  0.173      0.173      0.001000  
   1   174   1     0     1     1  0.174      0.174      0.001000  
   1   175   1     0     1     1  0.175      0.175      0.001000  
   1   176   1     0     1     1  0.176      0.176      0.001000  
   1   177   1     0     1     1  0.177      0.177      0.001000  
   1   178   1     0     1     1  0.178      0.178      0.001000  
   1   179   1     0     1     1  0.179      0.179      0.001000  
   1   180   1     0     1     1  0.180      0.180      0.001000  
   1   181   1     0     1     1  0.181      0.181      0.001000  
   1   182   1     0     1     1  0.182      0.182      0.001000  
   1   183   1     0     1     1  0.183      0.183      0.001000  
   1   184   1     0     1     1  0.184      0.184      0.001000  
   1   185   1     0     1     1  0.185      0.185      0.001000  
   1   186   1     0     1     1  0.186      0.186      0.001000  
   1   187   1     0     1     1  0.187      0.187      0.001000  
   1   188   1     0     1     1  0.188      0.188      0.001000  
   1   189   1     0     1     1  0.189      0.189      0.001000  
   1   190   1     0     1     1  0.190      0.190      0.001000  
   1   191   1     0     1     1  0.191      0.191      0.001000  
   1   192   1     0     1     1  0.192      0.192      0.001000  
   1   193   1     0     1     1  0.193      0.193      0.001000  
   1   194   1     0     1     1  0.194      0.194      0.001000  
   1   195   1     0     1     1  0.195      0.195      0.001000  
   1   196   1     0     1     1  0.196      0.196      0.001000  
   1   197   1     0     1     1  0.197      0.197      0.001000  
   1   198   1     0     1     1  0.198      0.198      0.001000  
   1   199   1     0     1     1  0.199      0.199      0.001000  
   1   200   1     0     1     1  0.200      0.200      0.001000  
   1   201   1     0     1     1  0.201      0.201      0.001000  
   1   202   1     0     1     1  0.202      0.202      0.001000  
   1   203   1     0     1     1  0.203      0.203      0.001000  
   1   204   1     0     1     1  0.204      0.204      0.001000  
   1   205   1     0     2     2  0.205      0.205      0.001000  
   1   206   1     0     2     2  0.206      0.206      0.001000  
   1   207   1     0     2     2  0.207      0.207      0.001000  
   1   208   1     0     2     2  0.208      0.208      0.001000  
   1   209   1     0     2     2  0.209      0.209      0.001000  
   1   210   1     0     2     2  0.210      0.210      0.001000  
   1   211   1     0     3     3  0.211      0.211      0.001000  
   1   212   1     0     2     2  0.212      0.212      0.001000  
   1   213   1     0     2     2  0.213      0.213      0.001000  
   1   214   1     0     2     2  0.214      0.214      0.001000  
   1   215   1     0     2     2  0.215      0.215      0.001000  
   1   216   1     0     2     2  0.216      0.216      0.001000  
   1   217   1     0     2     2  0.217      0.217      0.001000  
   1   218   1     0     2     2  0.218      0.218      0.001000  
   1   219   1     0     2     2  0.219      0.219      0.001000  
   1   220   1     0     2     2  0.220      0.220      0.001000  
   1   221   1     0     2     2  0.221      0.221      0.001000  
   1   222   1     0     2     2  0.222      0.222      0.001000  
   1   223   1     0     2     2  0.223      0.223      0.001000  
   1   224   1     0     1     1  0.224      0.224      0.001000  
   1   225   1     0     1     1  0.225      0.225      0.001000  
   1   226   1     0     1     1  0.226      0.226      0.001000  
   1   227   1     0     1     1  0.227      0.227      0.001000  
   1   228   1     0     1     1  0.228      0.228      0.001000  
   1   229   1     0     1     1  0.229      0.229      0.001000  
   1   230   1     0     1     1  0.230      0.230      0.001000  
   1   231   1     0     1     1  0.231      0.231      0.001000  
   1   232   1     0     1     1  0.232      0.232      0.001000  
   1   233   1     0     1     1  0.233      0.233      0.001000  
   1   234   1     0     1     1  0.234      0.234      0.001000  
   1   235   1     0     1     1  0.235      0.235      0.001000  
   1   236   1     0     1     1  0.236      0.236      0.001000  
   1   237   1     0     1     1  0.237      0.237      0.001000  
   1   238   1     0     1     1  0.238      0.238      0.001000  
   1   239   1     0     1     1  0.239      0.239      0.001000  
   1   240   1     0     2     2  0.240      0.240      0.001000  
   1   241   1     0     1     1  0.241      0.241      0.001000  
   1   242   1     0     2     2  0.242      0.242      0.001000  
   1   243   1     0     2     2  0.243      0.243      0.001000  
   1   244   1     0     2     2  0.244      0.244      0.001000  
   1   245   1     0     2     2  0.245      0.245      0.001000  
   1   246   1     0     2     2  0.246      0.246      0.001000  
   1   247   1     0     2     2  0.247      0.247      0.001000  
   1   248   1     0     2     2  0.248      0.248      0.001000  
   1   249   1     0     2     2  0.249      0.249      0.001000  
   1   250   1     0     2     2  0.250      0.250      0.001000  
   1   251   1     0     2     2  0.251      0.251      0.001000  
   1   252   1     0     2     2  0.252      0.252      0.001000  
   1   253   1     0     2     2  0.253      0.253      0.001000  
   1   254   1     0     2     2  0.254      0.254      0.001000  
   1   255   1     0     2     2  0.255      0.255      0.001000  
   1   256   1     0     1     1  0.256      0.256      0.001000  
   1   257   1     0     1     1  0.257      0.257      0.001000  
   1   258   1     0     1     1  0.258      0.258      0.001000  
   1   259   1     0     1     1  0.259      0.259      0.001000  
   1   260   1     0     1     1  0.260      0.260      0.001000  
   1   261   1     0     1     1  0.261      0.261      0.001000  
   1   262   1     0     1     1  0.262      0.262      0.001000  
   1   263   1     0     1     1  0.263      0.263      0.001000  
   1   264   1     0     1     1  0.264      0.264      0.001000  
   1   265   1     0     1     1  0.265      0.265      0.001000  
   1   266   1     0     1     1  0.266      0.266      0.001000  
   1   267   1     0     1     1  0.267      0.267      0.001000  
   1   268   1     0     1     1  0.268      0.268      0.001000  
   1   269   1     0     1     1  0.269      0.269      0.001000  
   1   270   1     0     1     1  0.270      0.270      0.001000  
   1   271   1     0     1     1  0.271      0.271      0.001000  
   1   272   1     0     1     1  0.272      0.272      0.001000  
   1   273   1     0     1     1  0.273      0.273      0.001000  
   1   274   1     0     1     1  0.274      0.274      0.001000  
   1   275   1     0     1     1  0.275      0.275      0.001000  
   1   276   1     0     1     1  0.276      0.276      0.001000  
   1   277   1     0     1     1  0.277      0.277      0.001000  
   1   278   1     0     1     1  0.278      0.278      0.001000  
   1   279   1     0     1     1  0.279      0.279      0.001000  
   1   280   1     0     1     1  0.280      0.280      0.001000  
   1   281   1     0     1     1  0.281      0.281      0.001000  
   1   282   1     0     1     1  0.282      0.282      0.001000  
   1   283   1     0     1     1  0.283      0.283      0.001000  
   1   284   1     0     1     1  0.284      0.284      0.001000  
   1   285   1     0     1     1  0.285      0.285      0.001000  
   1   286   1     0     1     1  0.286      0.286      0.001000  
   1   287   1     0     1     1  0.287      0.287      0.001000  
   1   288   1     0     1     1  0.288      0.288      0.001000  
   1   289   1     0     1     1  0.289      0.289      0.001000  
   1   290   1     0     1     1  0.290      0.290      0.001000  
   1   291   1     0     1     1  0.291      0.291      0.001000  
   1   292   1     0     1     1  0.292      0.292      0.001000  
   1   293   1     0     1     1  0.293      0.293      0.001000  
   1   294   1     0     1     1  0.294      0.294      0.001000  
   1   295   1     0     1     1  0.295      0.295      0.001000  
   1   296   1     0     1     1  0.296      0.296      0.001000  
   1   297   1     0     1     1  0.297      0.297      0.001000  
   1   298   1     0     1     1  0.298      0.298      0.001000  
   1   299   1     0     1     1  0.299      0.299      0.001000  
   1   300   1     0     1     1  0.300      0.300      0.001000  
   1   301   1     0     1     1  0.301      0.301      0.001000  
   1   302   1     0     1     1  0.302      0.302      0.001000  
   1   303   1     0     1     1  0.303      0.303      0.001000  
   1   304   1     0     1     1  0.304      0.304      0.001000  
   1   305   1     0     1     1  0.305      0.305      0.001000  
   1   306   1     0     1     1  0.306      0.306      0.001000  
   1   307   1     0     1     1  0.307      0.307      0.001000  
   1   308   1     0     1     1  0.308      0.308      0.001000  
   1   309   1     0     1     1  0.309      0.309      0.001000  
   1   310   1     0     1     1  0.310      0.310      0.001000  
   1   311   1     0     1     1  0.311      0.311      0.001000  
   1   312   1     0     1     1  0.312      0.312      0.001000  
   1   313   1     0     1     1  0.313      0.313      0.001000  
   1   314   1     0     1     1  0.314      0.314      0.001000  
   1   315   1     0     1     1  0.315      0.315      0.001000  
   1   316   1     0     1     1  0.316      0.316      0.001000  
   1   317   1     0     1     1  0.317      0.317      0.001000  
   1   318   1     0     1     1  0.318      0.318      0.001000  
   1   319   1     0     1     1  0.319      0.319      0.001000  
   1   320   1     0     1     1  0.320      0.320      0.001000  
   1   321   1     0     1     1  0.321      0.321      0.001000  
   1   322   1     0     1     1  0.322      0.322      0.001000  
   1   323   1     0     1     1  0.323      0.323      0.001000  
   1   324   1     0     1     1  0.324      0.324      0.001000  
   1   325   1     0     1     1  0.325      0.325      0.001000  
   1   326   1     0     1     1  0.326      0.326      0.001000  
   1   327   1     0     1     1  0.327      0.327      0.001000  
   1   328   1     0     1     1  0.328      0.328      0.001000  
   1   329   1     0     1     1  0.329      0.329      0.001000  
   1   330   1     0     1     1  0.330      0.330      0.001000  
   1   331   1     0     1     1  0.331      0.331      0.001000  
   1   332   1     0     1     1  0.332      0.332      0.001000  
   1   333   1     0     1     1  0.333      0.333      0.001000  
   1   334   1     0     1     1  0.334      0.334      0.001000  
   1   335   1     0     1     1  0.335      0.335      0.001000  
   1   336   1     0     1     1  0.336      0.336      0.001000  
   1   337   1     0     1     1  0.337      0.337      0.001000  
   1   338   1     0     1     1  0.338      0.338      0.001000  
   1   339   1     0     1     1  0.339      0.339      0.001000  
   1   340   1     0     1     1  0.340      0.340      0.001000  
   1   341   1     0     1     1  0.341      0.341      0.001000  
   1   342   1     0     1     1  0.342      0.342      0.001000  
   1   343   1     0     1     1  0.343      0.343      0.001000  
   1   344   1     0     1     1  0.344      0.344      0.001000  
   1   345   1     0     1     1  0.345      0.345      0.001000  
   1   346   1     0     1     1  0.346      0.346      0.001000  
   1   347   1     0     1     1  0.347      0.347      0.001000  
   1   348   1     0     1     1  0.348      0.348      0.001000  
   1   349   1     0     1     1  0.349      0.349      0.001000  
   1   350   1     0     1     1  0.350      0.350      0.001000  
   1   351   1     0     1     1  0.351      0.351      0.001000  
   1   352   1     0     1     1  0.352      0.352      0.001000  
   1   353   1     0     1     1  0.353      0.353      0.001000  
   1   354   1     0     1     1  0.354      0.354      0.001000  
   1   355   1     0     1     1  0.355      0.355      0.001000  
   1   356   1     0     1     1  0.356      0.356      0.001000  
   1   357   1     0     1     1  0.357      0.357      0.001000  
   1   358   1     0     1     1  0.358      0.358      0.001000  
   1   359   1     0     1     1  0.359      0.359      0.001000  
   1   360   1     0     1     1  0.360      0.360      0.001000  
   1   361   1     0     1     1  0.361      0.361      0.001000  
   1   362   1     0     1     1  0.362      0.362      0.001000  
   1   363   1     0     1     1  0.363      0.363      0.001000  
   1   364   1     0     1     1  0.364      0.364      0.001000  
   1   365   1     0     1     1  0.365      0.365      0.001000  
   1   366   1     0     1     1  0.366      0.366      0.001000  
   1   367   1     0     1     1  0.367      0.367      0.001000  
   1   368   1     0     1     1  0.368      0.368      0.001000  
   1   369   1     0     1     1  0.369      0.369      0.001000  
   1   370   1     0     1     1  0.370      0.370      0.001000  
   1   371   1     0     1     1  0.371      0.371      0.001000  
   1   372   1     0     1     1  0.372      0.372      0.001000  
   1   373   1     0     1     1  0.373      0.373      0.001000  
   1   374   1     0     1     1  0.374      0.374      0.001000  
   1   375   1     0     1     1  0.375      0.375      0.001000  
   1   376   1     0     1     1  0.376      0.376      0.001000  
   1   377   1     0     1     1  0.377      0.377      0.001000  
   1   378   1     0     1     1  0.378      0.378      0.001000  
   1   379   1     0     1     1  0.379      0.379      0.001000  
   1   380   1     0     1     1  0.380      0.380      0.001000  
   1   381   1     0     1     1  0.381      0.381      0.001000  
   1   382   1     0     1     1  0.382      0.382      0.001000  
   1   383   1     0     1     1  0.383      0.383      0.001000  
   1   384   1     0     1     1  0.384      0.384      0.001000  
   1   385   1     0     1     1  0.385      0.385      0.001000  
   1   386   1     0     1     1  0.386      0.386      0.001000  
   1   387   1     0     1     1  0.387      0.387      0.001000  
   1   388   1     0     1     1  0.388      0.388      0.001000  
   1   389   1     0     1     1  0.389      0.389      0.001000  
   1   390   1     0     1     1  0.390      0.390      0.001000  
   1   391   1     0     1     1  0.391      0.391      0.001000  
   1   392   1     0     1     1  0.392      0.392      0.001000  
   1   393   1     0     1     1  0.393      0.393      0.001000  
   1   394   1     0     1     1  0.394      0.394      0.001000  
   1   395   1     0     1     1  0.395      0.395      0.001000  
   1   396   1     0     1     1  0.396      0.396      0.001000  
   1   397   1     0     1     1  0.397      0.397      0.001000  
   1   398   1     0     1     1  0.398      0.398      0.001000  
   1   399   1     0     1     1  0.399      0.399      0.001000  
   1   400   1     0     1     1  0.400      0.400      0.001000  
   1   401   1     0     1     1  0.401      0.401      0.001000  
   1   402   1     0     1     1  0.402      0.402      0.001000  
   1   403   1     0     1     1  0.403      0.403      0.001000  
   1   404   1     0     1     1  0.404      0.404      0.001000  
   1   405   1     0     1     1  0.405      0.405      0.001000  
   1   406   1     0     1     1  0.406      0.406      0.001000  
   1   407   1     0     1     1  0.407      0.407      0.001000  
   1   408   1     0     1     1  0.408      0.408      0.001000  
   1   409   1     0     1     1  0.409      0.409      0.001000  
   1   410   1     0     1     1  0.410      0.410      0.001000  
   1   411   1     0     1     1  0.411      0.411      0.001000  
   1   412   1     0     1     1  0.412      0.412      0.001000  
   1   413   1     0     1     1  0.413      0.413      0.001000  
   1   414   1     0     1     1  0.414      0.414      0.001000  
   1   415   1     0     1     1  0.415      0.415      0.001000  
   1   416   1     0     1     1  0.416      0.416      0.001000  
   1   417   1     0     1     1  0.417      0.417      0.001000  
   1   418   1     0     1     1  0.418      0.418      0.001000  
   1   419   1     0     1     1  0.419      0.419      0.001000  
   1   420   1     0     1     1  0.420      0.420      0.001000  
   1   421   1     0     1     1  0.421      0.421      0.001000  
   1   422   1     0     1     1  0.422      0.422      0.001000  
   1   423   1     0     1     1  0.423      0.423      0.001000  
   1   424   1     0     1     1  0.424      0.424      0.001000  
   1   425   1     0     1     1  0.425      0.425      0.001000  
   1   426   1     0     1     1  0.426      0.426      0.001000  
   1   427   1     0     1     1  0.427      0.427      0.001000  
   1   428   1     0     1     1  0.428      0.428      0.001000  
   1   429   1     0     1     1  0.429      0.429      0.001000  
   1   430   1     0     1     1  0.430      0.430      0.001000  
   1   431   1     0     1     1  0.431      0.431      0.001000  
   1   432   1     0     1     1  0.432      0.432      0.001000  
   1   433   1     0     1     1  0.433      0.433      0.001000  
   1   434   1     0     1     1  0.434      0.434      0.001000  
   1   435   1     0     1     1  0.435      0.435      0.001000  
   1   436   1     0     1     1  0.436      0.436      0.001000  
   1   437   1     0     1     1  0.437      0.437      0.001000  
   1   438   1     0     1     1  0.438      0.438      0.001000  
   1   439   1     0     1     1  0.439      0.439      0.001000  
   1   440   1     0     1     1  0.440      0.440      0.001000  
   1   441   1     0     1     1  0.441      0.441      0.001000  
   1   442   1     0     1     1  0.442      0.442      0.001000  
   1   443   1     0     1     1  0.443      0.443      0.001000  
   1   444   1     0     1     1  0.444      0.444      0.001000  
   1   445   1     0     1     1  0.445      0.445      0.001000  
   1   446   1     0     1     1  0.446      0.446      0.001000  
   1   447   1     0     1     1  0.447      0.447      0.001000  
   1   448   1     0     1     1  0.448      0.448      0.001000  
   1   449   1     0     1     1  0.449      0.449      0.001000  
   1   450   1     0     1     1  0.450      0.450      0.001000  
   1   451   1     0     1     1  0.451      0.451      0.001000  
   1   452   1     0     1     1  0.452      0.452      0.001000  
   1   453   1     0     1     1  0.453      0.453      0.001000  
   1   454   1     0     1     1  0.454      0.454      0.001000  
   1   455   1     0     1     1  0.455      0.455      0.001000  
   1   456   1     0     1     1  0.456      0.456      0.001000  
   1   457   1     0     1     1  0.457      0.457      0.001000  
   1   458   1     0     1     1  0.458      0.458      0.001000  
   1   459   1     0     1     1  0.459      0.459      0.001000  
   1   460   1     0     1     1  0.460      0.460      0.001000  
   1   461   1     0     1     1  0.461      0.461      0.001000  
   1   462   1     0     1     1  0.462      0.462      0.001000  
   1   463   1     0     1     1  0.463      0.463      0.001000  
   1   464   1     0     1     1  0.464      0.464      0.001000  
   1   465   1     0     1     1  0.465      0.465      0.001000  
   1   466   1     0     1     1  0.466      0.466      0.001000  
   1   467   1     0     1     1  0.467      0.467      0.001000  
   1   468   1     0     1     1  0.468      0.468      0.001000  
   1   469   1     0     1     1  0.469      0.469      0.001000  
   1   470   1     0     1     1  0.470      0.470      0.001000  
   1   471   1     0     1     1  0.471      0.471      0.001000  
   1   472   1     0     1     1  0.472      0.472      0.001000  
   1   473   1     0     1     1  0.473      0.473      0.001000  
   1   474   1     0     1     1  0.474      0.474      0.001000  
   1   475   1     0     1     1  0.475      0.475      0.001000  
   1   476   1     0     1     1  0.476      0.476      0.001000  
   1   477   1     0     1     1  0.477      0.477      0.001000  
   1   478   1     0     1     1  0.478      0.478      0.001000  
   1   479   1     0     1     1  0.479      0.479      0.001000  
   1   480   1     0     1     1  0.480      0.480      0.001000  
   1   481   1     0     1     1  0.481      0.481      0.001000  
   1   482   1     0     1     1  0.482      0.482      0.001000  
   1   483   1     0     1     1  0.483      0.483      0.001000  
   1   484   1     0     1     1  0.484      0.484      0.001000  
   1   485   1     0     1     1  0.485      0.485      0.001000  
   1   486   1     0     1     1  0.486      0.486      0.001000  
   1   487   1     0     1     1  0.487      0.487      0.001000  
   1   488   1     0     1     1  0.488      0.488      0.001000  
   1   489   1     0     1     1  0.489      0.489      0.001000  
   1   490   1     0     1     1  0.490      0.490      0.001000  
   1   491   1     0     1     1  0.491      0.491      0.001000  
   1   492   1     0     1     1  0.492      0.492      0.001000  
   1   493   1     0     1     1  0.493      0.493      0.001000  
   1   494   1     0     1     1  0.494      0.494      0.001000  
   1   495   1     0     1     1  0.495      0.495      0.001000  
   1   496   1     0     1     1  0.496      0.496      0.001000  
   1   497   1     0     1     1  0.497      0.497      0.001000  
   1   498   1     0     1     1  0.498      0.498      0.001000  
   1   499   1     0     1     1  0.499      0.499      0.001000  
   1   500   1     0     1     1  0.500      0.500      0.001000  
                          
 THE ANALYSIS HAS COMPLETED SUCCESSFULLY
