1
0
1
ASSEMBLY
0
0
7
1 1
2 2
3 3
4 4
5 5
6 6
7 7
1 1
2 2
3 3
4 4
5 5
6 6
7 7
0
17
1 1
2 2
3 3
4 4
5 5
6 6
7 7
8 8
9 9
10 10
11 11
12 12
13 13
14 14
15 15
16 16
17 17
1 1
2 2
3 3
4 4
5 5
6 6
7 7
8 8
9 9
10 10
11 11
12 12
13 13
14 14
15 15
16 16
17 17
14
AXLE
0
0
1
17 
0
0
CW_HINGE
0
0
1
16 
0
0
SLING_HINGE
0
0
1
15 
0
0
WIRE-1-SET-2
0
0
6
11 12 13 14 15 16 
0
0
WIRE-2-SET-1
0
0
1
17 
0
0
_PICKEDSET21
0
1
4
11 12 13 14 
0
0
_PICKEDSET22
0
1
2
15 16 
0
0
_PICKEDSET25
0
1
1
17 
0
0
_PICKEDSET26_CW_MASS_
0
0
1
1 
0
0
_PICKEDSET26_CW_ROTI_
0
0
1
2 
0
0
_PICKEDSET27_PROJECTILE_MASS_
0
0
1
3 
0
0
_PICKEDSET27_PROJECTILE_ROTI_
0
0
1
4 
0
0
_PICKEDSET32_SMALL_MASS_
0
0
3
5 6 7 
0
0
_PICKEDSET32_SMALL_ROTI_
0
0
3
8 9 10 
0
0
0
7
AXLE
0
0
1
1 
0
0
CW_HINGE
0
0
2
2 3 
0
0
PROJECTILE
0
0
1
7 
0
0
SLING_HINGE
0
0
2
5 6 
0
0
WIRE-1-SET-2
0
0
7
1 2 3 4 5 6 7 
0
0
WIRE-2-SET-1
0
0
1
1 
0
0
_PICKEDSET31
0
1
7
1 2 3 4 5 6 7 
0
0
0
0
0
